{
  "stats": {
    "suites": 1,
    "tests": 2,
    "passes": 2,
    "pending": 0,
    "failures": 0,
    "start": "2024-03-05T10:14:27.985Z",
    "end": "2024-03-05T10:14:49.856Z",
    "duration": 21871,
    "testsRegistered": 2,
    "passPercent": 100,
    "pendingPercent": 0,
    "other": 0,
    "hasOther": false,
    "skipped": 0,
    "hasSkipped": false
  },
  "results": [
    {
      "uuid": "816695aa-c953-458c-9f67-038ea2089045",
      "title": "",
      "fullFile": "cypress/e2e/Login.js",
      "file": "cypress/e2e/Login.js",
      "beforeHooks": [],
      "afterHooks": [],
      "tests": [],
      "suites": [
        {
          "uuid": "1bb1d910-c2b9-4088-9af6-59fe6a453083",
          "title": "Orangehrm",
          "fullFile": "",
          "file": "",
          "beforeHooks": [],
          "afterHooks": [],
          "tests": [
            {
              "title": "addingemploye",
              "fullTitle": "Orangehrm addingemploye",
              "timedOut": null,
              "duration": 13158,
              "state": "passed",
              "speed": "slow",
              "pass": true,
              "fail": false,
              "pending": false,
              "context": null,
              "code": "emp.clickadmin();\nemp.clickadd();\nemp.clickuserrole();\nemp.clickempname(this.testdata.adminData.empname);\nemp.clickstatus();\nemp.clikusername(employeName);\nemp.clickpassword(this.testdata.adminData.emppassword);\nemp.clickconfirmpassword(this.testdata.adminData.empconfirmpass);\nemp.clicksavebtn();",
              "err": {},
              "uuid": "9280eb68-5cb8-43f2-a3bd-47a3c88206f4",
              "parentUUID": "1bb1d910-c2b9-4088-9af6-59fe6a453083",
              "isHook": false,
              "skipped": false
            },
            {
              "title": "addingpimdetails",
              "fullTitle": "Orangehrm addingpimdetails",
              "timedOut": null,
              "duration": 5963,
              "state": "passed",
              "speed": "medium",
              "pass": true,
              "fail": false,
              "pending": false,
              "context": null,
              "code": "pim.clickpim();\npim.typeempid(this.testdata.pimData.clickpimid);\npim.clicksubmitbtn();\npim.clickpimdetails();",
              "err": {},
              "uuid": "89fa8a60-d615-47fc-af77-1db1a2593130",
              "parentUUID": "1bb1d910-c2b9-4088-9af6-59fe6a453083",
              "isHook": false,
              "skipped": false
            }
          ],
          "suites": [],
          "passes": [
            "9280eb68-5cb8-43f2-a3bd-47a3c88206f4",
            "89fa8a60-d615-47fc-af77-1db1a2593130"
          ],
          "failures": [],
          "pending": [],
          "skipped": [],
          "duration": 19121,
          "root": false,
          "rootEmpty": false,
          "_timeout": 2000
        }
      ],
      "passes": [],
      "failures": [],
      "pending": [],
      "skipped": [],
      "duration": 0,
      "root": true,
      "rootEmpty": true,
      "_timeout": 2000
    }
  ],
  "meta": {
    "mocha": {
      "version": "7.0.1"
    },
    "mochawesome": {
      "options": {
        "quiet": false,
        "reportFilename": "mochawesome",
        "saveHtml": true,
        "saveJson": true,
        "consoleReporter": "spec",
        "useInlineDiffs": false,
        "code": true
      },
      "version": "7.1.3"
    },
    "marge": {
      "options": {
        "reportDir": "cypress/reports",
        "charts": true,
        "overwrite": false,
        "html": true,
        "json": true
      },
      "version": "6.2.0"
    }
  }
}