{
  "stats": {
    "suites": 1,
    "tests": 2,
    "passes": 2,
    "pending": 0,
    "failures": 0,
    "start": "2024-03-05T10:08:04.601Z",
    "end": "2024-03-05T10:08:24.857Z",
    "duration": 20256,
    "testsRegistered": 2,
    "passPercent": 100,
    "pendingPercent": 0,
    "other": 0,
    "hasOther": false,
    "skipped": 0,
    "hasSkipped": false
  },
  "results": [
    {
      "uuid": "3d4a3bef-c124-4716-9300-f37ee9c17007",
      "title": "",
      "fullFile": "cypress/e2e/Login.js",
      "file": "cypress/e2e/Login.js",
      "beforeHooks": [],
      "afterHooks": [],
      "tests": [],
      "suites": [
        {
          "uuid": "15839eed-4ff2-4e2c-aec0-239bc5f82a68",
          "title": "Orangehrm",
          "fullFile": "",
          "file": "",
          "beforeHooks": [],
          "afterHooks": [],
          "tests": [
            {
              "title": "addingemploye",
              "fullTitle": "Orangehrm addingemploye",
              "timedOut": null,
              "duration": 11597,
              "state": "passed",
              "speed": "slow",
              "pass": true,
              "fail": false,
              "pending": false,
              "context": null,
              "code": "emp.clickadmin();\nemp.clickadd();\nemp.clickuserrole();\nemp.clickempname(this.testdata.adminData.empname);\nemp.clickstatus();\nemp.clikusername(employeName);\nemp.clickpassword(this.testdata.adminData.emppassword);\nemp.clickconfirmpassword(this.testdata.adminData.empconfirmpass);\nemp.clicksavebtn();",
              "err": {},
              "uuid": "a6237853-00a1-444a-8aed-a1e90857dcbb",
              "parentUUID": "15839eed-4ff2-4e2c-aec0-239bc5f82a68",
              "isHook": false,
              "skipped": false
            },
            {
              "title": "addingpimdetails",
              "fullTitle": "Orangehrm addingpimdetails",
              "timedOut": null,
              "duration": 5859,
              "state": "passed",
              "speed": "medium",
              "pass": true,
              "fail": false,
              "pending": false,
              "context": null,
              "code": "pim.clickpim();\npim.typeempid(this.testdata.pimData.clickpimid);\npim.clicksubmitbtn();\npim.clickpimdetails();",
              "err": {},
              "uuid": "ed96bc31-27b9-4942-88fb-0dd99a5fd9b8",
              "parentUUID": "15839eed-4ff2-4e2c-aec0-239bc5f82a68",
              "isHook": false,
              "skipped": false
            }
          ],
          "suites": [],
          "passes": [
            "a6237853-00a1-444a-8aed-a1e90857dcbb",
            "ed96bc31-27b9-4942-88fb-0dd99a5fd9b8"
          ],
          "failures": [],
          "pending": [],
          "skipped": [],
          "duration": 17456,
          "root": false,
          "rootEmpty": false,
          "_timeout": 2000
        }
      ],
      "passes": [],
      "failures": [],
      "pending": [],
      "skipped": [],
      "duration": 0,
      "root": true,
      "rootEmpty": true,
      "_timeout": 2000
    }
  ],
  "meta": {
    "mocha": {
      "version": "7.0.1"
    },
    "mochawesome": {
      "options": {
        "quiet": false,
        "reportFilename": "mochawesome",
        "saveHtml": false,
        "saveJson": true,
        "consoleReporter": "spec",
        "useInlineDiffs": false,
        "code": true
      },
      "version": "7.1.3"
    },
    "marge": {
      "options": {
        "reportDir": "cypress/reports",
        "charts": true,
        "overwrite": false,
        "html": false,
        "json": true
      },
      "version": "6.2.0"
    }
  }
}